<?xml version="1.0" encoding="UTF-8"?>
<testsuite name="NodeTest" tests="1" skipped="0" failures="0" errors="0" timestamp="2019-06-17T12:22:59" hostname="DESKTOP-J4DEQDV" time="0.002">
  <properties/>
  <testcase name="SingleLinkedListTest" classname="NodeTest" time="0.002"/>
  <system-out><![CDATA[姝ら摼琛ㄤ负绌洪摼琛紒
]]></system-out>
  <system-err><![CDATA[]]></system-err>
</testsuite>
